<?xml version="1.0" encoding="UTF-8"?>
<testng-results skipped="0" failed="0" total="4" passed="4">
  <reporter-output>
  </reporter-output>
  <suite name="SuiteName" duration-ms="32" started-at="2016-11-03T09:22:33Z" finished-at="2016-11-03T09:22:33Z">
    <groups>
    </groups>
    <test name="Test" duration-ms="32" started-at="2016-11-03T09:22:33Z" finished-at="2016-11-03T09:22:33Z">
      <class name="NewTest">
        <test-method status="PASS" signature="testApp1()[pri:0, instance:NewTest@6ea12c19]" name="testApp1" duration-ms="8" started-at="2016-11-03T14:52:33Z" finished-at="2016-11-03T14:52:33Z">
          <reporter-output>
          </reporter-output>
        </test-method> <!-- testApp1 -->
        <test-method status="PASS" signature="testLogin1()[pri:0, instance:NewTest@6ea12c19]" name="testLogin1" duration-ms="2" started-at="2016-11-03T14:52:33Z" finished-at="2016-11-03T14:52:33Z">
          <reporter-output>
          </reporter-output>
        </test-method> <!-- testLogin1 -->
      </class> <!-- NewTest -->
      <class name="SampleTest">
        <test-method status="PASS" signature="testApp1()[pri:0, instance:SampleTest@174d20a]" name="testApp1" duration-ms="1" started-at="2016-11-03T14:52:33Z" finished-at="2016-11-03T14:52:33Z">
          <reporter-output>
          </reporter-output>
        </test-method> <!-- testApp1 -->
        <test-method status="PASS" signature="testLogin1()[pri:0, instance:SampleTest@174d20a]" name="testLogin1" duration-ms="1" started-at="2016-11-03T14:52:33Z" finished-at="2016-11-03T14:52:33Z">
          <reporter-output>
          </reporter-output>
        </test-method> <!-- testLogin1 -->
      </class> <!-- SampleTest -->
    </test> <!-- Test -->
  </suite> <!-- SuiteName -->
</testng-results>
